<?xml version="1.0" encoding="UTF-8"?>
<!-- Generated by org.testng.reporters.JUnitXMLReporter -->
<testsuite ignored="0" hostname="LAPTOP-0M17UIVA" failures="1" tests="3" name="Surefire test" time="10.099" errors="0" timestamp="2025-06-27T21:14:51 IST">
  <testcase classname="testng.TestNGExample" name="testCase_1" time="5.335">
    <failure type="java.lang.AssertionError" message="expected [true] but found [false]">
      <![CDATA[java.lang.AssertionError: expected [true] but found [false]
at testng.TestNGExample.testCase_1(TestNGExample.java:15)
at java.base/java.util.ArrayList.forEach(ArrayList.java:1511)
... Removed 36 stack frames]]>
    </failure>
  </testcase> <!-- testCase_1 -->
  <testcase classname="testng.TestNGExample" name="testCase_2" time="2.111"/>
  <testcase classname="testng.TestNGExample" name="testCase_3" time="2.584"/>
</testsuite> <!-- Surefire test -->
